[2024-03-24T19:35:58.228+0000] {logging_mixin.py:188} INFO - Changing /opt/airflow/logs/dag_id=welcome_dag/run_id=manual__2024-03-24T19:35:49.546730+00:00/task_id=print_date permission to 509
[2024-03-24T19:35:58.231+0000] {logging_mixin.py:188} INFO - Changing /opt/airflow/logs/dag_id=welcome_dag/run_id=manual__2024-03-24T19:35:49.546730+00:00 permission to 509
[2024-03-24T19:35:58.234+0000] {logging_mixin.py:188} INFO - Changing /opt/airflow/logs/dag_id=welcome_dag permission to 509
[2024-03-24T19:35:58.236+0000] {logging_mixin.py:188} INFO - Changing /opt/airflow/logs permission to 509
[2024-03-24T19:35:58.301+0000] {logging_mixin.py:188} INFO - Changing /opt/airflow/logs/dag_id=welcome_dag/run_id=manual__2024-03-24T19:35:49.546730+00:00/task_id=print_date permission to 509
[2024-03-24T19:35:58.304+0000] {logging_mixin.py:188} INFO - Changing /opt/airflow/logs/dag_id=welcome_dag/run_id=manual__2024-03-24T19:35:49.546730+00:00 permission to 509
[2024-03-24T19:35:58.307+0000] {logging_mixin.py:188} INFO - Changing /opt/airflow/logs/dag_id=welcome_dag permission to 509
[2024-03-24T19:35:58.311+0000] {logging_mixin.py:188} INFO - Changing /opt/airflow/logs permission to 509
[2024-03-24T19:35:58.313+0000] {logging_mixin.py:188} INFO - Changing /opt/airflow permission to 509
[2024-03-24T19:35:58.353+0000] {taskinstance.py:1979} INFO - Dependencies all met for dep_context=non-requeueable deps ti=<TaskInstance: welcome_dag.print_date manual__2024-03-24T19:35:49.546730+00:00 [queued]>
[2024-03-24T19:35:58.368+0000] {taskinstance.py:1979} INFO - Dependencies all met for dep_context=requeueable deps ti=<TaskInstance: welcome_dag.print_date manual__2024-03-24T19:35:49.546730+00:00 [queued]>
[2024-03-24T19:35:58.369+0000] {taskinstance.py:2193} INFO - Starting attempt 1 of 1
[2024-03-24T19:35:58.419+0000] {taskinstance.py:2217} INFO - Executing <Task(PythonOperator): print_date> on 2024-03-24 19:35:49.546730+00:00
[2024-03-24T19:35:58.424+0000] {standard_task_runner.py:60} INFO - Started process 88 to run task
[2024-03-24T19:35:58.427+0000] {standard_task_runner.py:87} INFO - Running: ['airflow', 'tasks', 'run', 'welcome_dag', 'print_date', 'manual__2024-03-24T19:35:49.546730+00:00', '--job-id', '4', '--raw', '--subdir', 'DAGS_FOLDER/test-dag.py', '--cfg-path', '/tmp/tmp4_f14a92']
[2024-03-24T19:35:58.429+0000] {standard_task_runner.py:88} INFO - Job 4: Subtask print_date
[2024-03-24T19:35:58.528+0000] {logging_mixin.py:188} INFO - Changing /opt/airflow/logs/dag_id=welcome_dag/run_id=manual__2024-03-24T19:35:49.546730+00:00/task_id=print_date permission to 509
[2024-03-24T19:35:58.531+0000] {logging_mixin.py:188} INFO - Changing /opt/airflow/logs/dag_id=welcome_dag/run_id=manual__2024-03-24T19:35:49.546730+00:00 permission to 509
[2024-03-24T19:35:58.534+0000] {logging_mixin.py:188} INFO - Changing /opt/airflow/logs/dag_id=welcome_dag permission to 509
[2024-03-24T19:35:58.537+0000] {logging_mixin.py:188} INFO - Changing /opt/airflow/logs permission to 509
[2024-03-24T19:35:58.539+0000] {logging_mixin.py:188} INFO - Changing /opt/airflow permission to 509
[2024-03-24T19:35:58.549+0000] {task_command.py:423} INFO - Running <TaskInstance: welcome_dag.print_date manual__2024-03-24T19:35:49.546730+00:00 [running]> on host 7a7ba416e5f5
[2024-03-24T19:35:58.683+0000] {taskinstance.py:2513} INFO - Exporting env vars: AIRFLOW_CTX_DAG_OWNER='airflow' AIRFLOW_CTX_DAG_ID='welcome_dag' AIRFLOW_CTX_TASK_ID='print_date' AIRFLOW_CTX_EXECUTION_DATE='2024-03-24T19:35:49.546730+00:00' AIRFLOW_CTX_TRY_NUMBER='1' AIRFLOW_CTX_DAG_RUN_ID='manual__2024-03-24T19:35:49.546730+00:00'
[2024-03-24T19:35:58.684+0000] {logging_mixin.py:188} INFO - Today is 2024-03-24
[2024-03-24T19:35:58.685+0000] {python.py:202} INFO - Done. Returned value was: None
[2024-03-24T19:35:58.694+0000] {taskinstance.py:1149} INFO - Marking task as SUCCESS. dag_id=welcome_dag, task_id=print_date, execution_date=20240324T193549, start_date=20240324T193558, end_date=20240324T193558
[2024-03-24T19:35:58.761+0000] {local_task_job_runner.py:234} INFO - Task exited with return code 0
[2024-03-24T19:35:58.805+0000] {taskinstance.py:3312} INFO - 1 downstream tasks scheduled from follow-on schedule check
