[2024-03-24T19:54:50.386+0000] {logging_mixin.py:188} INFO - Changing /opt/airflow/logs/dag_id=example_dag/run_id=manual__2024-03-24T19:54:46.278557+00:00/task_id=printRandomQuote permission to 509
[2024-03-24T19:54:50.389+0000] {logging_mixin.py:188} INFO - Changing /opt/airflow/logs/dag_id=example_dag/run_id=manual__2024-03-24T19:54:46.278557+00:00 permission to 509
[2024-03-24T19:54:50.391+0000] {logging_mixin.py:188} INFO - Changing /opt/airflow/logs/dag_id=example_dag permission to 509
[2024-03-24T19:54:50.393+0000] {logging_mixin.py:188} INFO - Changing /opt/airflow/logs permission to 509
[2024-03-24T19:54:50.396+0000] {logging_mixin.py:188} INFO - Changing /opt/airflow permission to 509
[2024-03-24T19:54:50.457+0000] {logging_mixin.py:188} INFO - Changing /opt/airflow/logs/dag_id=example_dag/run_id=manual__2024-03-24T19:54:46.278557+00:00/task_id=printRandomQuote permission to 509
[2024-03-24T19:54:50.459+0000] {logging_mixin.py:188} INFO - Changing /opt/airflow/logs/dag_id=example_dag/run_id=manual__2024-03-24T19:54:46.278557+00:00 permission to 509
[2024-03-24T19:54:50.462+0000] {logging_mixin.py:188} INFO - Changing /opt/airflow/logs/dag_id=example_dag permission to 509
[2024-03-24T19:54:50.465+0000] {logging_mixin.py:188} INFO - Changing /opt/airflow/logs permission to 509
[2024-03-24T19:54:50.467+0000] {logging_mixin.py:188} INFO - Changing /opt/airflow permission to 509
[2024-03-24T19:54:50.520+0000] {taskinstance.py:1979} INFO - Dependencies all met for dep_context=non-requeueable deps ti=<TaskInstance: example_dag.printRandomQuote manual__2024-03-24T19:54:46.278557+00:00 [queued]>
[2024-03-24T19:54:50.537+0000] {taskinstance.py:1979} INFO - Dependencies all met for dep_context=requeueable deps ti=<TaskInstance: example_dag.printRandomQuote manual__2024-03-24T19:54:46.278557+00:00 [queued]>
[2024-03-24T19:54:50.538+0000] {taskinstance.py:2193} INFO - Starting attempt 1 of 1
[2024-03-24T19:54:50.600+0000] {taskinstance.py:2217} INFO - Executing <Task(_PythonDecoratedOperator): printRandomQuote> on 2024-03-24 19:54:46.278557+00:00
[2024-03-24T19:54:50.605+0000] {standard_task_runner.py:60} INFO - Started process 168 to run task
[2024-03-24T19:54:50.607+0000] {standard_task_runner.py:87} INFO - Running: ['airflow', 'tasks', 'run', 'example_dag', 'printRandomQuote', 'manual__2024-03-24T19:54:46.278557+00:00', '--job-id', '6', '--raw', '--subdir', 'DAGS_FOLDER/example-dag.py', '--cfg-path', '/tmp/tmpo8gt789j']
[2024-03-24T19:54:50.610+0000] {standard_task_runner.py:88} INFO - Job 6: Subtask printRandomQuote
[2024-03-24T19:54:50.709+0000] {logging_mixin.py:188} INFO - Changing /opt/airflow/logs/dag_id=example_dag/run_id=manual__2024-03-24T19:54:46.278557+00:00/task_id=printRandomQuote permission to 509
[2024-03-24T19:54:50.711+0000] {logging_mixin.py:188} INFO - Changing /opt/airflow/logs/dag_id=example_dag/run_id=manual__2024-03-24T19:54:46.278557+00:00 permission to 509
[2024-03-24T19:54:50.714+0000] {logging_mixin.py:188} INFO - Changing /opt/airflow/logs/dag_id=example_dag permission to 509
[2024-03-24T19:54:50.716+0000] {logging_mixin.py:188} INFO - Changing /opt/airflow/logs permission to 509
[2024-03-24T19:54:50.718+0000] {logging_mixin.py:188} INFO - Changing /opt/airflow permission to 509
[2024-03-24T19:54:50.726+0000] {task_command.py:423} INFO - Running <TaskInstance: example_dag.printRandomQuote manual__2024-03-24T19:54:46.278557+00:00 [running]> on host 7a7ba416e5f5
[2024-03-24T19:54:50.844+0000] {taskinstance.py:2513} INFO - Exporting env vars: AIRFLOW_CTX_DAG_OWNER='airflow' AIRFLOW_CTX_DAG_ID='example_dag' AIRFLOW_CTX_TASK_ID='printRandomQuote' AIRFLOW_CTX_EXECUTION_DATE='2024-03-24T19:54:46.278557+00:00' AIRFLOW_CTX_TRY_NUMBER='1' AIRFLOW_CTX_DAG_RUN_ID='manual__2024-03-24T19:54:46.278557+00:00'
[2024-03-24T19:54:51.370+0000] {logging_mixin.py:188} INFO - Quote of the day: "Wise men make more opportunities than they find."
[2024-03-24T19:54:51.373+0000] {python.py:202} INFO - Done. Returned value was: None
[2024-03-24T19:54:51.382+0000] {taskinstance.py:1149} INFO - Marking task as SUCCESS. dag_id=example_dag, task_id=printRandomQuote, execution_date=20240324T195446, start_date=20240324T195450, end_date=20240324T195451
[2024-03-24T19:54:51.463+0000] {local_task_job_runner.py:234} INFO - Task exited with return code 0
[2024-03-24T19:54:51.488+0000] {taskinstance.py:3312} INFO - 0 downstream tasks scheduled from follow-on schedule check
